<?xml version="1.0" encoding="UTF-8"?>
<testsuites>
  <testsuite name="CodeIgniter Application Test Suite" tests="16" assertions="16" errors="0" failures="0" skipped="0" time="0.284152">
    <testsuite name="Bebida_model_test" file="F:\wamp64\www\LasGemelas\application\tests\models\Bebida_model_test.php" tests="4" assertions="4" errors="0" failures="0" skipped="0" time="0.084070">
      <testcase name="test_crear_bebida" class="Bebida_model_test" classname="Bebida_model_test" file="F:\wamp64\www\LasGemelas\application\tests\models\Bebida_model_test.php" line="22" assertions="1" time="0.018880"/>
      <testcase name="test_get_bebidas" class="Bebida_model_test" classname="Bebida_model_test" file="F:\wamp64\www\LasGemelas\application\tests\models\Bebida_model_test.php" line="27" assertions="1" time="0.026547"/>
      <testcase name="test_modificar_bebida" class="Bebida_model_test" classname="Bebida_model_test" file="F:\wamp64\www\LasGemelas\application\tests\models\Bebida_model_test.php" line="44" assertions="1" time="0.015747"/>
      <testcase name="test_borrar_bebida" class="Bebida_model_test" classname="Bebida_model_test" file="F:\wamp64\www\LasGemelas\application\tests\models\Bebida_model_test.php" line="50" assertions="1" time="0.022896"/>
    </testsuite>
    <testsuite name="Material_model_test" file="F:\wamp64\www\LasGemelas\application\tests\models\Material_model_test.php" tests="4" assertions="4" errors="0" failures="0" skipped="0" time="0.068631">
      <testcase name="test_crear_material" class="Material_model_test" classname="Material_model_test" file="F:\wamp64\www\LasGemelas\application\tests\models\Material_model_test.php" line="20" assertions="1" time="0.015480"/>
      <testcase name="test_get_materiales" class="Material_model_test" classname="Material_model_test" file="F:\wamp64\www\LasGemelas\application\tests\models\Material_model_test.php" line="25" assertions="1" time="0.022916"/>
      <testcase name="test_modificar_material" class="Material_model_test" classname="Material_model_test" file="F:\wamp64\www\LasGemelas\application\tests\models\Material_model_test.php" line="42" assertions="1" time="0.015272"/>
      <testcase name="test_borrar_material" class="Material_model_test" classname="Material_model_test" file="F:\wamp64\www\LasGemelas\application\tests\models\Material_model_test.php" line="48" assertions="1" time="0.014963"/>
    </testsuite>
    <testsuite name="Producto_model_test" file="F:\wamp64\www\LasGemelas\application\tests\models\Producto_model_test.php" tests="4" assertions="4" errors="0" failures="0" skipped="0" time="0.056993">
      <testcase name="test_crear_producto" class="Producto_model_test" classname="Producto_model_test" file="F:\wamp64\www\LasGemelas\application\tests\models\Producto_model_test.php" line="21" assertions="1" time="0.014817"/>
      <testcase name="test_get_productos" class="Producto_model_test" classname="Producto_model_test" file="F:\wamp64\www\LasGemelas\application\tests\models\Producto_model_test.php" line="26" assertions="1" time="0.013690"/>
      <testcase name="test_modificar_producto" class="Producto_model_test" classname="Producto_model_test" file="F:\wamp64\www\LasGemelas\application\tests\models\Producto_model_test.php" line="43" assertions="1" time="0.014242"/>
      <testcase name="test_borrar_producto" class="Producto_model_test" classname="Producto_model_test" file="F:\wamp64\www\LasGemelas\application\tests\models\Producto_model_test.php" line="49" assertions="1" time="0.014244"/>
    </testsuite>
    <testsuite name="Trabajador_model_test" file="F:\wamp64\www\LasGemelas\application\tests\models\Trabajador_model_test.php" tests="4" assertions="4" errors="0" failures="0" skipped="0" time="0.074458">
      <testcase name="test_crear_trabajador" class="Trabajador_model_test" classname="Trabajador_model_test" file="F:\wamp64\www\LasGemelas\application\tests\models\Trabajador_model_test.php" line="20" assertions="1" time="0.017107"/>
      <testcase name="test_get_trabajadores" class="Trabajador_model_test" classname="Trabajador_model_test" file="F:\wamp64\www\LasGemelas\application\tests\models\Trabajador_model_test.php" line="25" assertions="1" time="0.025600"/>
      <testcase name="test_modificar_trabajador" class="Trabajador_model_test" classname="Trabajador_model_test" file="F:\wamp64\www\LasGemelas\application\tests\models\Trabajador_model_test.php" line="42" assertions="1" time="0.016380"/>
      <testcase name="test_borrar_trabajador" class="Trabajador_model_test" classname="Trabajador_model_test" file="F:\wamp64\www\LasGemelas\application\tests\models\Trabajador_model_test.php" line="48" assertions="1" time="0.015371"/>
    </testsuite>
  </testsuite>
</testsuites>
